Base path: C:/Program Files/Unity/Hub/Editor/2019.1.0f2/Editor/Data
Cmd: initializeCompiler
Cmd: preprocess
  insize=1851 outsize=464 ok=1
Cmd: preprocess
  insize=1414 outsize=294 ok=1
Cmd: preprocess
  insize=1707 outsize=1232 ok=1
Cmd: preprocessCompute
  insize=7225 outsize=7227 ok=1
Cmd: preprocessCompute
  insize=5765 outsize=5767 ok=1
Cmd: preprocess
  insize=12013 outsize=416 ok=1
Cmd: preprocessCompute
  insize=7290 outsize=7292 ok=1
Cmd: preprocessCompute
  insize=13601 outsize=13603 ok=1
Cmd: preprocess
  insize=10153 outsize=429 ok=1
Cmd: preprocessCompute
  insize=1629 outsize=1631 ok=1
Cmd: preprocessCompute
  insize=6443 outsize=6445 ok=1
Cmd: preprocessCompute
  insize=7487 outsize=7489 ok=1
Cmd: preprocess
  insize=11252 outsize=429 ok=1
Cmd: preprocessCompute
  insize=1629 outsize=1631 ok=1
Cmd: preprocessCompute
  insize=6445 outsize=6447 ok=1
Cmd: preprocessCompute
  insize=7485 outsize=7487 ok=1
Cmd: preprocess
  insize=11252 outsize=429 ok=1
Cmd: preprocessCompute
  insize=1629 outsize=1631 ok=1
Cmd: preprocessCompute
  insize=4809 outsize=4811 ok=1
Cmd: preprocessCompute
  insize=3598 outsize=3600 ok=1
Cmd: preprocess
  insize=10130 outsize=429 ok=1
Cmd: preprocessCompute
  insize=1626 outsize=1628 ok=1
Cmd: preprocessCompute
  insize=7020 outsize=7022 ok=1
Cmd: preprocessCompute
  insize=9611 outsize=9613 ok=1
Cmd: preprocess
  insize=10755 outsize=416 ok=1
Cmd: preprocessCompute
  insize=7048 outsize=7050 ok=1
Cmd: preprocessCompute
  insize=11299 outsize=11301 ok=1
Cmd: preprocess
  insize=10346 outsize=429 ok=1
Cmd: preprocessCompute
  insize=1625 outsize=1627 ok=1
Cmd: preprocessCompute
  insize=5547 outsize=5549 ok=1
Cmd: preprocessCompute
  insize=7457 outsize=7459 ok=1
Cmd: preprocess
  insize=10191 outsize=416 ok=1
Cmd: preprocessCompute
  insize=9587 outsize=9589 ok=1
Cmd: preprocessCompute
  insize=12954 outsize=12956 ok=1
Cmd: preprocess
  insize=10228 outsize=429 ok=1
Cmd: preprocessCompute
  insize=9864 outsize=9866 ok=1
Cmd: preprocessCompute
  insize=10681 outsize=10683 ok=1
Cmd: preprocess
  insize=10228 outsize=428 ok=1
Cmd: preprocess
  insize=10226 outsize=429 ok=1
Cmd: preprocess
  insize=10227 outsize=428 ok=1
Cmd: preprocess
  insize=10225 outsize=429 ok=1
Cmd: preprocess
  insize=10227 outsize=428 ok=1
Cmd: preprocessCompute
  insize=9708 outsize=9710 ok=1
Cmd: preprocessCompute
  insize=8760 outsize=8762 ok=1
Cmd: preprocessCompute
  insize=9864 outsize=9866 ok=1
Cmd: preprocessCompute
  insize=10682 outsize=10684 ok=1
Cmd: preprocessCompute
  insize=9864 outsize=9866 ok=1
Cmd: preprocessCompute
  insize=10682 outsize=10684 ok=1
Cmd: preprocessCompute
  insize=9864 outsize=9866 ok=1
Cmd: preprocessCompute
  insize=10682 outsize=10684 ok=1
Cmd: preprocessCompute
  insize=1625 outsize=1627 ok=1
Cmd: preprocessCompute
  insize=1625 outsize=1627 ok=1
Cmd: preprocessCompute
  insize=1625 outsize=1627 ok=1
Cmd: preprocessCompute
  insize=1625 outsize=1627 ok=1
Cmd: preprocessCompute
  insize=1625 outsize=1627 ok=1
Cmd: preprocessCompute
  insize=1625 outsize=1627 ok=1
Cmd: preprocessCompute
  insize=10787 outsize=10789 ok=1
Cmd: preprocessCompute
  insize=7582 outsize=7584 ok=1
Cmd: preprocess
  insize=11234 outsize=429 ok=1
Cmd: preprocessCompute
  insize=1628 outsize=1630 ok=1
Cmd: preprocessCompute
  insize=5715 outsize=5717 ok=1
Cmd: preprocessCompute
  insize=7713 outsize=7715 ok=1
Cmd: preprocess
  insize=10507 outsize=416 ok=1
Cmd: preprocessCompute
  insize=6210 outsize=6212 ok=1
Cmd: preprocessCompute
  insize=6149 outsize=6151 ok=1
Cmd: preprocess
  insize=10252 outsize=429 ok=1
Cmd: preprocessCompute
  insize=1625 outsize=1627 ok=1
Cmd: preprocessCompute
  insize=4809 outsize=4811 ok=1
Cmd: preprocessCompute
  insize=3598 outsize=3600 ok=1
Cmd: preprocess
  insize=10130 outsize=429 ok=1
Cmd: preprocessCompute
  insize=1626 outsize=1628 ok=1
Cmd: preprocess
  insize=166333 outsize=8014 ok=1
Cmd: preprocessCompute
  insize=7683 outsize=7685 ok=1
Cmd: compileComputeKernel
  api=4 insize=7685 outsize=3757 ok=1
Cmd: preprocessCompute
  insize=14351 outsize=14353 ok=1
Cmd: compileComputeKernel
  api=4 insize=14353 outsize=5845 ok=1
Cmd: preprocess
  insize=10165 outsize=429 ok=1
Cmd: preprocessCompute
  insize=1629 outsize=1631 ok=1
Cmd: compileSnippet
  api=4 type=0 insize=10070 outsize=4006 kw= pd=UNITY_ENABLE_REFLECTION_BUFFERS UNITY_USE_DITHER_MASK_FOR_ALPHABLENDED_SHADOWS UNITY_PBS_USE_BRDF1 UNITY_SPECCUBE_BOX_PROJECTION UNITY_SPECCUBE_BLENDING UNITY_ENABLE_DETAIL_NORMALMAP SHADER_API_DESKTOP UNITY_LIGHT_PROBE_PROXY_VOLUME UNITY_LIGHTMAP_FULL_HDR ok=1
Cmd: compileSnippet
  api=4 type=1 insize=10070 outsize=6002 kw= pd=UNITY_ENABLE_REFLECTION_BUFFERS UNITY_USE_DITHER_MASK_FOR_ALPHABLENDED_SHADOWS UNITY_PBS_USE_BRDF1 UNITY_SPECCUBE_BOX_PROJECTION UNITY_SPECCUBE_BLENDING UNITY_ENABLE_DETAIL_NORMALMAP SHADER_API_DESKTOP UNITY_LIGHT_PROBE_PROXY_VOLUME UNITY_LIGHTMAP_FULL_HDR ok=1
Cmd: preprocessCompute
  insize=7683 outsize=7685 ok=1
Cmd: preprocessCompute
  insize=14351 outsize=14353 ok=1
Cmd: preprocess
  insize=10165 outsize=429 ok=1
Cmd: preprocessCompute
  insize=1629 outsize=1631 ok=1
Cmd: preprocessCompute
  insize=7683 outsize=7685 ok=1
Cmd: preprocessCompute
  insize=14351 outsize=14353 ok=1
Cmd: preprocess
  insize=10165 outsize=429 ok=1
Cmd: preprocessCompute
  insize=1629 outsize=1631 ok=1
Cmd: preprocessCompute
  insize=7683 outsize=7685 ok=1
Cmd: preprocessCompute
  insize=14351 outsize=14353 ok=1
Cmd: preprocess
  insize=10165 outsize=429 ok=1
Cmd: preprocessCompute
  insize=1629 outsize=1631 ok=1
Cmd: preprocessCompute
  insize=7290 outsize=7292 ok=1
Cmd: preprocessCompute
  insize=13601 outsize=13603 ok=1
Cmd: preprocess
  insize=10153 outsize=429 ok=1
Cmd: preprocessCompute
  insize=1629 outsize=1631 ok=1
Cmd: preprocessCompute
  insize=6385 outsize=6387 ok=1
Cmd: compileComputeKernel
  api=4 insize=6387 outsize=3009 ok=1
Cmd: preprocessCompute
  insize=6368 outsize=6370 ok=1
Cmd: compileComputeKernel
  api=4 insize=6370 outsize=2477 ok=1
Cmd: preprocess
  insize=10252 outsize=429 ok=1
Cmd: preprocessCompute
  insize=1625 outsize=1627 ok=1
Cmd: preprocessCompute
  insize=7290 outsize=7292 ok=1
Cmd: preprocessCompute
  insize=13601 outsize=13603 ok=1
Cmd: preprocess
  insize=10153 outsize=429 ok=1
Cmd: preprocessCompute
  insize=1629 outsize=1631 ok=1
Cmd: preprocessCompute
  insize=6385 outsize=6387 ok=1
Cmd: preprocessCompute
  insize=6368 outsize=6370 ok=1
Cmd: preprocess
  insize=10252 outsize=429 ok=1
Cmd: preprocessCompute
  insize=1625 outsize=1627 ok=1
Cmd: preprocessCompute
  insize=6210 outsize=6212 ok=1
Cmd: preprocessCompute
  insize=6149 outsize=6151 ok=1
Cmd: preprocess
  insize=10252 outsize=429 ok=1
Cmd: preprocessCompute
  insize=1625 outsize=1627 ok=1
Cmd: preprocessCompute
  insize=6210 outsize=6212 ok=1
Cmd: preprocessCompute
  insize=6149 outsize=6151 ok=1
Cmd: preprocess
  insize=10252 outsize=429 ok=1
Cmd: preprocessCompute
  insize=1625 outsize=1627 ok=1
Cmd: preprocessCompute
  insize=6210 outsize=6212 ok=1
Cmd: preprocessCompute
  insize=6149 outsize=6151 ok=1
Cmd: preprocess
  insize=10252 outsize=429 ok=1
Cmd: preprocessCompute
  insize=1625 outsize=1627 ok=1
