Base path: C:/Program Files/Unity/Hub/Editor/2019.1.0f2/Editor/Data
Cmd: initializeCompiler
Cmd: compileComputeKernel
  api=4 insize=7889 outsize=2145 ok=1
Cmd: compileComputeKernel
  api=4 insize=1628 outsize=1457 ok=1
Cmd: compileComputeKernel
  api=4 insize=1630 outsize=1457 ok=1
Cmd: compileComputeKernel
  api=4 insize=3653 outsize=1509 ok=1
Cmd: compileComputeKernel
  api=4 insize=2820 outsize=1349 ok=1
Cmd: compileComputeKernel
  api=4 insize=6133 outsize=2177 ok=1
Cmd: compileComputeKernel
  api=4 insize=6258 outsize=2041 ok=1
Cmd: compileSnippet
  api=4 type=0 insize=9927 outsize=4194 kw= pd=UNITY_ENABLE_REFLECTION_BUFFERS UNITY_USE_DITHER_MASK_FOR_ALPHABLENDED_SHADOWS UNITY_PBS_USE_BRDF1 UNITY_SPECCUBE_BOX_PROJECTION UNITY_SPECCUBE_BLENDING UNITY_ENABLE_DETAIL_NORMALMAP SHADER_API_DESKTOP UNITY_LIGHT_PROBE_PROXY_VOLUME UNITY_LIGHTMAP_FULL_HDR ok=1
Cmd: compileSnippet
  api=4 type=1 insize=10029 outsize=6002 kw= pd=UNITY_ENABLE_REFLECTION_BUFFERS UNITY_USE_DITHER_MASK_FOR_ALPHABLENDED_SHADOWS UNITY_PBS_USE_BRDF1 UNITY_SPECCUBE_BOX_PROJECTION UNITY_SPECCUBE_BLENDING UNITY_ENABLE_DETAIL_NORMALMAP SHADER_API_DESKTOP UNITY_LIGHT_PROBE_PROXY_VOLUME UNITY_LIGHTMAP_FULL_HDR ok=1
